<?xml version="1.0" encoding="UTF-8"?>
<!-- Generated by org.testng.reporters.JUnitReportReporter -->
<testsuite hostname="MyAlienWare" failures="0" tests="2" name="cucumberOptions.TestNG_TestRunner" time="14.864" errors="0" timestamp="2023-11-23T14:32:42 EST" skipped="0">
  <testcase classname="cucumberOptions.TestNG_TestRunner" name="runScenario" time="8.138"/>
  <system-out/>
  <testcase classname="cucumberOptions.TestNG_TestRunner" name="runScenario" time="6.726"/>
  <system-out/>
</testsuite> <!-- cucumberOptions.TestNG_TestRunner -->
